Dec 2, 2013 9:45:22 AM org.apache.solr.servlet.SolrDispatchFilter init
INFO: SolrDispatchFilter.init()
Dec 2, 2013 9:45:22 AM org.apache.solr.core.SolrResourceLoader locateSolrHome
INFO: JNDI not configured for solr (NoInitialContextEx)
Dec 2, 2013 9:45:22 AM org.apache.solr.core.SolrResourceLoader locateSolrHome
INFO: using system property solr.solr.home: /Users/Emily/Development/code/hypochondriapp/solr
Dec 2, 2013 9:45:22 AM org.apache.solr.core.CoreContainer$Initializer initialize
INFO: looking for solr.xml: /Users/Emily/Development/code/hypochondriapp/solr/solr.xml
Dec 2, 2013 9:45:22 AM org.apache.solr.core.CoreContainer <init>
INFO: New CoreContainer 47309363
Dec 2, 2013 9:45:22 AM org.apache.solr.core.CoreContainer load
INFO: Loading CoreContainer using Solr Home: '/Users/Emily/Development/code/hypochondriapp/solr/'
Dec 2, 2013 9:45:22 AM org.apache.solr.core.SolrResourceLoader <init>
INFO: new SolrResourceLoader for directory: '/Users/Emily/Development/code/hypochondriapp/solr/'
Dec 2, 2013 9:45:23 AM org.apache.solr.handler.component.HttpShardHandlerFactory getParameter
INFO: Setting socketTimeout to: 0
Dec 2, 2013 9:45:23 AM org.apache.solr.handler.component.HttpShardHandlerFactory getParameter
INFO: Setting urlScheme to: http://
Dec 2, 2013 9:45:23 AM org.apache.solr.handler.component.HttpShardHandlerFactory getParameter
INFO: Setting connTimeout to: 0
Dec 2, 2013 9:45:23 AM org.apache.solr.handler.component.HttpShardHandlerFactory getParameter
INFO: Setting maxConnectionsPerHost to: 20
Dec 2, 2013 9:45:23 AM org.apache.solr.handler.component.HttpShardHandlerFactory getParameter
INFO: Setting corePoolSize to: 0
Dec 2, 2013 9:45:23 AM org.apache.solr.handler.component.HttpShardHandlerFactory getParameter
INFO: Setting maximumPoolSize to: 2147483647
Dec 2, 2013 9:45:23 AM org.apache.solr.handler.component.HttpShardHandlerFactory getParameter
INFO: Setting maxThreadIdleTime to: 5
Dec 2, 2013 9:45:23 AM org.apache.solr.handler.component.HttpShardHandlerFactory getParameter
INFO: Setting sizeOfQueue to: -1
Dec 2, 2013 9:45:23 AM org.apache.solr.handler.component.HttpShardHandlerFactory getParameter
INFO: Setting fairnessPolicy to: false
Dec 2, 2013 9:45:23 AM org.apache.solr.client.solrj.impl.HttpClientUtil createClient
INFO: Creating new http client, config:maxConnectionsPerHost=20&maxConnections=10000&socketTimeout=0&connTimeout=0&retry=false
Dec 2, 2013 9:45:23 AM org.apache.solr.core.CoreContainer load
INFO: Registering Log Listener
Dec 2, 2013 9:45:23 AM org.apache.solr.core.CoreContainer create
INFO: Creating SolrCore 'default' using instanceDir: /Users/Emily/Development/code/hypochondriapp/solr/.
Dec 2, 2013 9:45:23 AM org.apache.solr.core.SolrResourceLoader <init>
INFO: new SolrResourceLoader for directory: '/Users/Emily/Development/code/hypochondriapp/solr/./'
Dec 2, 2013 9:45:23 AM org.apache.solr.core.CoreContainer create
INFO: Creating SolrCore 'development' using instanceDir: /Users/Emily/Development/code/hypochondriapp/solr/.
Dec 2, 2013 9:45:23 AM org.apache.solr.core.SolrResourceLoader <init>
INFO: new SolrResourceLoader for directory: '/Users/Emily/Development/code/hypochondriapp/solr/./'
Dec 2, 2013 9:45:23 AM org.apache.solr.core.CoreContainer create
INFO: Creating SolrCore 'test' using instanceDir: /Users/Emily/Development/code/hypochondriapp/solr/.
Dec 2, 2013 9:45:23 AM org.apache.solr.core.SolrResourceLoader <init>
INFO: new SolrResourceLoader for directory: '/Users/Emily/Development/code/hypochondriapp/solr/./'
Dec 2, 2013 9:45:23 AM org.apache.solr.core.SolrConfig <init>
INFO: Using Lucene MatchVersion: LUCENE_41
Dec 2, 2013 9:45:23 AM org.apache.solr.core.SolrConfig <init>
INFO: Using Lucene MatchVersion: LUCENE_41
Dec 2, 2013 9:45:23 AM org.apache.solr.core.SolrConfig <init>
INFO: Using Lucene MatchVersion: LUCENE_41
Dec 2, 2013 9:45:23 AM org.apache.solr.core.SolrConfig <init>
INFO: Loaded SolrConfig: solrconfig.xml
Dec 2, 2013 9:45:23 AM org.apache.solr.core.SolrConfig <init>
INFO: Loaded SolrConfig: solrconfig.xml
Dec 2, 2013 9:45:23 AM org.apache.solr.core.SolrConfig <init>
INFO: Loaded SolrConfig: solrconfig.xml
Dec 2, 2013 9:45:24 AM org.apache.solr.schema.IndexSchema readSchema
INFO: Reading Solr Schema
Dec 2, 2013 9:45:24 AM org.apache.solr.schema.IndexSchema readSchema
INFO: Reading Solr Schema
Dec 2, 2013 9:45:24 AM org.apache.solr.schema.IndexSchema readSchema
INFO: Reading Solr Schema
Dec 2, 2013 9:45:24 AM org.apache.solr.schema.IndexSchema readSchema
INFO: Schema name=sunspot
Dec 2, 2013 9:45:24 AM org.apache.solr.schema.IndexSchema readSchema
INFO: Schema name=sunspot
Dec 2, 2013 9:45:24 AM org.apache.solr.schema.IndexSchema readSchema
INFO: Schema name=sunspot
Dec 2, 2013 9:45:24 AM org.apache.solr.schema.IndexSchema readSchema
INFO: default search field in schema is text
Dec 2, 2013 9:45:24 AM org.apache.solr.schema.IndexSchema readSchema
INFO: default search field in schema is text
Dec 2, 2013 9:45:24 AM org.apache.solr.schema.IndexSchema readSchema
INFO: query parser default operator is AND
Dec 2, 2013 9:45:24 AM org.apache.solr.schema.IndexSchema readSchema
INFO: query parser default operator is AND
Dec 2, 2013 9:45:24 AM org.apache.solr.schema.IndexSchema readSchema
INFO: unique key field: id
Dec 2, 2013 9:45:24 AM org.apache.solr.schema.IndexSchema readSchema
INFO: unique key field: id
Dec 2, 2013 9:45:24 AM org.apache.solr.core.SolrCore <init>
INFO: [development] Opening new SolrCore at /Users/Emily/Development/code/hypochondriapp/solr/./, dataDir=/Users/Emily/Development/code/hypochondriapp/solr/./development/data/
Dec 2, 2013 9:45:24 AM org.apache.solr.core.SolrCore <init>
INFO: JMX monitoring not detected for core: development
Dec 2, 2013 9:45:24 AM org.apache.solr.core.SolrCore <init>
INFO: [default] Opening new SolrCore at /Users/Emily/Development/code/hypochondriapp/solr/./, dataDir=/Users/Emily/Development/code/hypochondriapp/solr/./default/data/
Dec 2, 2013 9:45:24 AM org.apache.solr.core.SolrCore <init>
INFO: JMX monitoring not detected for core: default
Dec 2, 2013 9:45:24 AM org.apache.solr.core.SolrCore initDirectoryFactory
INFO: solr.NRTCachingDirectoryFactory
Dec 2, 2013 9:45:24 AM org.apache.solr.schema.IndexSchema readSchema
INFO: default search field in schema is text
Dec 2, 2013 9:45:24 AM org.apache.solr.core.SolrCore initDirectoryFactory
INFO: solr.NRTCachingDirectoryFactory
Dec 2, 2013 9:45:24 AM org.apache.solr.schema.IndexSchema readSchema
INFO: query parser default operator is AND
Dec 2, 2013 9:45:24 AM org.apache.solr.schema.IndexSchema readSchema
INFO: unique key field: id
Dec 2, 2013 9:45:24 AM org.apache.solr.core.SolrCore <init>
INFO: [test] Opening new SolrCore at /Users/Emily/Development/code/hypochondriapp/solr/./, dataDir=/Users/Emily/Development/code/hypochondriapp/solr/./test/data/
Dec 2, 2013 9:45:24 AM org.apache.solr.core.SolrCore <init>
INFO: JMX monitoring not detected for core: test
Dec 2, 2013 9:45:24 AM org.apache.solr.core.SolrCore initDirectoryFactory
INFO: solr.NRTCachingDirectoryFactory
Dec 2, 2013 9:45:24 AM org.apache.solr.core.CachingDirectoryFactory get
INFO: return new directory for /Users/Emily/Development/code/hypochondriapp/solr/./default/data forceNew: false
Dec 2, 2013 9:45:24 AM org.apache.solr.core.CachingDirectoryFactory get
INFO: return new directory for /Users/Emily/Development/code/hypochondriapp/solr/./development/data forceNew: false
Dec 2, 2013 9:45:24 AM org.apache.solr.core.SolrCore getNewIndexDir
INFO: New index directory detected: old=null new=/Users/Emily/Development/code/hypochondriapp/solr/./development/data/index/
Dec 2, 2013 9:45:24 AM org.apache.solr.core.CachingDirectoryFactory get
INFO: return new directory for /Users/Emily/Development/code/hypochondriapp/solr/./test/data forceNew: false
Dec 2, 2013 9:45:24 AM org.apache.solr.core.SolrCore getNewIndexDir
INFO: New index directory detected: old=null new=/Users/Emily/Development/code/hypochondriapp/solr/./test/data/index/
Dec 2, 2013 9:45:24 AM org.apache.solr.core.SolrCore getNewIndexDir
INFO: New index directory detected: old=null new=/Users/Emily/Development/code/hypochondriapp/solr/./default/data/index/
Dec 2, 2013 9:45:24 AM org.apache.solr.core.CachingDirectoryFactory get
INFO: return new directory for /Users/Emily/Development/code/hypochondriapp/solr/./test/data/index forceNew: false
Dec 2, 2013 9:45:24 AM org.apache.solr.core.CachingDirectoryFactory get
INFO: return new directory for /Users/Emily/Development/code/hypochondriapp/solr/./default/data/index forceNew: false
Dec 2, 2013 9:45:24 AM org.apache.solr.core.CachingDirectoryFactory get
INFO: return new directory for /Users/Emily/Development/code/hypochondriapp/solr/./development/data/index forceNew: false
Dec 2, 2013 9:45:24 AM org.apache.solr.core.RequestHandlers initHandlersFromConfig
INFO: created /select: solr.SearchHandler
Dec 2, 2013 9:45:24 AM org.apache.solr.core.RequestHandlers initHandlersFromConfig
INFO: created /query: solr.SearchHandler
Dec 2, 2013 9:45:24 AM org.apache.solr.core.RequestHandlers initHandlersFromConfig
INFO: created /get: solr.RealTimeGetHandler
Dec 2, 2013 9:45:24 AM org.apache.solr.core.RequestHandlers initHandlersFromConfig
INFO: created /select: solr.SearchHandler
Dec 2, 2013 9:45:24 AM org.apache.solr.core.RequestHandlers initHandlersFromConfig
INFO: created /query: solr.SearchHandler
Dec 2, 2013 9:45:24 AM org.apache.solr.core.RequestHandlers initHandlersFromConfig
INFO: created /get: solr.RealTimeGetHandler
Dec 2, 2013 9:45:24 AM org.apache.solr.core.RequestHandlers initHandlersFromConfig
INFO: created /update: solr.UpdateRequestHandler
Dec 2, 2013 9:45:24 AM org.apache.solr.core.RequestHandlers initHandlersFromConfig
INFO: created /update: solr.UpdateRequestHandler
Dec 2, 2013 9:45:24 AM org.apache.solr.core.RequestHandlers initHandlersFromConfig
INFO: created /update/json: solr.JsonUpdateRequestHandler
Dec 2, 2013 9:45:24 AM org.apache.solr.core.RequestHandlers initHandlersFromConfig
INFO: created /update/csv: solr.CSVRequestHandler
Dec 2, 2013 9:45:24 AM org.apache.solr.core.RequestHandlers initHandlersFromConfig
INFO: adding lazy requestHandler: solr.extraction.ExtractingRequestHandler
Dec 2, 2013 9:45:24 AM org.apache.solr.core.RequestHandlers initHandlersFromConfig
INFO: created /update/extract: solr.extraction.ExtractingRequestHandler
Dec 2, 2013 9:45:24 AM org.apache.solr.core.RequestHandlers initHandlersFromConfig
INFO: adding lazy requestHandler: solr.FieldAnalysisRequestHandler
Dec 2, 2013 9:45:24 AM org.apache.solr.core.RequestHandlers initHandlersFromConfig
INFO: created /analysis/field: solr.FieldAnalysisRequestHandler
Dec 2, 2013 9:45:24 AM org.apache.solr.core.RequestHandlers initHandlersFromConfig
INFO: adding lazy requestHandler: solr.DocumentAnalysisRequestHandler
Dec 2, 2013 9:45:24 AM org.apache.solr.core.RequestHandlers initHandlersFromConfig
INFO: created /analysis/document: solr.DocumentAnalysisRequestHandler
Dec 2, 2013 9:45:24 AM org.apache.solr.core.RequestHandlers initHandlersFromConfig
INFO: created /admin/ping: solr.PingRequestHandler
Dec 2, 2013 9:45:24 AM org.apache.solr.core.RequestHandlers initHandlersFromConfig
INFO: created /select: solr.SearchHandler
Dec 2, 2013 9:45:24 AM org.apache.solr.core.RequestHandlers initHandlersFromConfig
INFO: created /query: solr.SearchHandler
Dec 2, 2013 9:45:24 AM org.apache.solr.core.RequestHandlers initHandlersFromConfig
INFO: created /update/json: solr.JsonUpdateRequestHandler
Dec 2, 2013 9:45:24 AM org.apache.solr.core.RequestHandlers initHandlersFromConfig
INFO: created /debug/dump: solr.DumpRequestHandler
Dec 2, 2013 9:45:24 AM org.apache.solr.core.RequestHandlers initHandlersFromConfig
INFO: created /update/csv: solr.CSVRequestHandler
Dec 2, 2013 9:45:24 AM org.apache.solr.core.RequestHandlers initHandlersFromConfig
INFO: adding lazy requestHandler: solr.extraction.ExtractingRequestHandler
Dec 2, 2013 9:45:24 AM org.apache.solr.core.RequestHandlers initHandlersFromConfig
INFO: created /update/extract: solr.extraction.ExtractingRequestHandler
Dec 2, 2013 9:45:24 AM org.apache.solr.core.RequestHandlers initHandlersFromConfig
INFO: adding lazy requestHandler: solr.FieldAnalysisRequestHandler
Dec 2, 2013 9:45:24 AM org.apache.solr.core.RequestHandlers initHandlersFromConfig
INFO: created /analysis/field: solr.FieldAnalysisRequestHandler
Dec 2, 2013 9:45:24 AM org.apache.solr.core.RequestHandlers initHandlersFromConfig
INFO: adding lazy requestHandler: solr.DocumentAnalysisRequestHandler
Dec 2, 2013 9:45:24 AM org.apache.solr.core.RequestHandlers initHandlersFromConfig
INFO: created /analysis/document: solr.DocumentAnalysisRequestHandler
Dec 2, 2013 9:45:24 AM org.apache.solr.core.RequestHandlers initHandlersFromConfig
INFO: created /get: solr.RealTimeGetHandler
Dec 2, 2013 9:45:24 AM org.apache.solr.core.RequestHandlers initHandlersFromConfig
INFO: created /update: solr.UpdateRequestHandler
Dec 2, 2013 9:45:24 AM org.apache.solr.core.RequestHandlers initHandlersFromConfig
INFO: created /admin/ping: solr.PingRequestHandler
Dec 2, 2013 9:45:24 AM org.apache.solr.core.RequestHandlers initHandlersFromConfig
INFO: created /update/json: solr.JsonUpdateRequestHandler
Dec 2, 2013 9:45:24 AM org.apache.solr.core.RequestHandlers initHandlersFromConfig
INFO: created /debug/dump: solr.DumpRequestHandler
Dec 2, 2013 9:45:24 AM org.apache.solr.core.RequestHandlers initHandlersFromConfig
INFO: created /update/csv: solr.CSVRequestHandler
Dec 2, 2013 9:45:24 AM org.apache.solr.core.RequestHandlers initHandlersFromConfig
INFO: adding lazy requestHandler: solr.extraction.ExtractingRequestHandler
Dec 2, 2013 9:45:24 AM org.apache.solr.core.RequestHandlers initHandlersFromConfig
INFO: created /update/extract: solr.extraction.ExtractingRequestHandler
Dec 2, 2013 9:45:24 AM org.apache.solr.core.RequestHandlers initHandlersFromConfig
INFO: adding lazy requestHandler: solr.FieldAnalysisRequestHandler
Dec 2, 2013 9:45:24 AM org.apache.solr.core.RequestHandlers initHandlersFromConfig
INFO: created /analysis/field: solr.FieldAnalysisRequestHandler
Dec 2, 2013 9:45:24 AM org.apache.solr.core.RequestHandlers initHandlersFromConfig
INFO: adding lazy requestHandler: solr.DocumentAnalysisRequestHandler
Dec 2, 2013 9:45:24 AM org.apache.solr.core.RequestHandlers initHandlersFromConfig
INFO: created /analysis/document: solr.DocumentAnalysisRequestHandler
Dec 2, 2013 9:45:24 AM org.apache.solr.core.RequestHandlers initHandlersFromConfig
INFO: created /admin/ping: solr.PingRequestHandler
Dec 2, 2013 9:45:24 AM org.apache.solr.core.RequestHandlers initHandlersFromConfig
INFO: created /debug/dump: solr.DumpRequestHandler
Dec 2, 2013 9:45:24 AM org.apache.solr.core.RequestHandlers initHandlersFromConfig
INFO: created /replication: solr.ReplicationHandler
Dec 2, 2013 9:45:24 AM org.apache.solr.core.RequestHandlers initHandlersFromConfig
INFO: created /replication: solr.ReplicationHandler
Dec 2, 2013 9:45:24 AM org.apache.solr.core.RequestHandlers initHandlersFromConfig
INFO: created /replication: solr.ReplicationHandler
Dec 2, 2013 9:45:24 AM org.apache.solr.core.RequestHandlers initHandlersFromConfig
INFO: created /mlt: solr.MoreLikeThisHandler
Dec 2, 2013 9:45:24 AM org.apache.solr.core.RequestHandlers initHandlersFromConfig
INFO: created /mlt: solr.MoreLikeThisHandler
Dec 2, 2013 9:45:24 AM org.apache.solr.core.RequestHandlers initHandlersFromConfig
INFO: created /mlt: solr.MoreLikeThisHandler
Dec 2, 2013 9:45:24 AM org.apache.solr.core.RequestHandlers initHandlersFromConfig
INFO: created /admin/: solr.admin.AdminHandlers
Dec 2, 2013 9:45:24 AM org.apache.solr.core.RequestHandlers initHandlersFromConfig
INFO: created /admin/: solr.admin.AdminHandlers
Dec 2, 2013 9:45:24 AM org.apache.solr.core.RequestHandlers initHandlersFromConfig
INFO: created /admin/: solr.admin.AdminHandlers
Dec 2, 2013 9:45:24 AM org.apache.solr.handler.loader.XMLLoader init
INFO: xsltCacheLifetimeSeconds=60
Dec 2, 2013 9:45:24 AM org.apache.solr.handler.loader.XMLLoader init
INFO: xsltCacheLifetimeSeconds=60
Dec 2, 2013 9:45:24 AM org.apache.solr.handler.loader.XMLLoader init
INFO: xsltCacheLifetimeSeconds=60
Dec 2, 2013 9:45:24 AM org.apache.solr.handler.loader.XMLLoader init
INFO: xsltCacheLifetimeSeconds=60
Dec 2, 2013 9:45:24 AM org.apache.solr.handler.loader.XMLLoader init
INFO: xsltCacheLifetimeSeconds=60
Dec 2, 2013 9:45:24 AM org.apache.solr.handler.loader.XMLLoader init
INFO: xsltCacheLifetimeSeconds=60
Dec 2, 2013 9:45:24 AM org.apache.solr.handler.loader.XMLLoader init
INFO: xsltCacheLifetimeSeconds=60
Dec 2, 2013 9:45:24 AM org.apache.solr.handler.loader.XMLLoader init
INFO: xsltCacheLifetimeSeconds=60
Dec 2, 2013 9:45:24 AM org.apache.solr.handler.loader.XMLLoader init
INFO: xsltCacheLifetimeSeconds=60
Dec 2, 2013 9:45:24 AM org.apache.solr.search.SolrIndexSearcher <init>
INFO: Opening Searcher@889ec59 main
Dec 2, 2013 9:45:24 AM org.apache.solr.search.SolrIndexSearcher <init>
INFO: Opening Searcher@16fbcb70 main
Dec 2, 2013 9:45:24 AM org.apache.solr.update.CommitTracker <init>
INFO: Hard AutoCommit: if uncommited for 15000ms; 
Dec 2, 2013 9:45:24 AM org.apache.solr.update.CommitTracker <init>
INFO: Soft AutoCommit: if uncommited for 5000ms; 
Dec 2, 2013 9:45:24 AM org.apache.solr.handler.component.SpellCheckComponent inform
INFO: Initializing spell checkers
Dec 2, 2013 9:45:24 AM org.apache.solr.update.CommitTracker <init>
INFO: Hard AutoCommit: if uncommited for 15000ms; 
Dec 2, 2013 9:45:24 AM org.apache.solr.update.CommitTracker <init>
INFO: Soft AutoCommit: if uncommited for 5000ms; 
Dec 2, 2013 9:45:24 AM org.apache.solr.handler.component.SpellCheckComponent inform
INFO: Initializing spell checkers
Dec 2, 2013 9:45:24 AM org.apache.solr.spelling.DirectSolrSpellChecker init
INFO: init: {name=default,field=name,classname=solr.DirectSolrSpellChecker,distanceMeasure=internal,accuracy=0.5,maxEdits=2,minPrefix=1,maxInspections=5,minQueryLength=4,maxQueryFrequency=0.01}
Dec 2, 2013 9:45:24 AM org.apache.solr.spelling.DirectSolrSpellChecker init
INFO: init: {name=default,field=name,classname=solr.DirectSolrSpellChecker,distanceMeasure=internal,accuracy=0.5,maxEdits=2,minPrefix=1,maxInspections=5,minQueryLength=4,maxQueryFrequency=0.01}
Dec 2, 2013 9:45:24 AM org.apache.solr.handler.component.SpellCheckComponent inform
INFO: No queryConverter defined, using default converter
Dec 2, 2013 9:45:24 AM org.apache.solr.handler.component.SpellCheckComponent inform
INFO: No queryConverter defined, using default converter
Dec 2, 2013 9:45:24 AM org.apache.solr.handler.ReplicationHandler inform
INFO: Commits will be reserved for  10000
Dec 2, 2013 9:45:24 AM org.apache.solr.handler.ReplicationHandler inform
INFO: Commits will be reserved for  10000
Dec 2, 2013 9:45:24 AM org.apache.solr.core.SolrCore registerSearcher
INFO: [test] Registered new searcher Searcher@889ec59 main{StandardDirectoryReader(segments_1:1)}
Dec 2, 2013 9:45:24 AM org.apache.solr.core.SolrCore registerSearcher
INFO: [default] Registered new searcher Searcher@16fbcb70 main{StandardDirectoryReader(segments_1:1)}
Dec 2, 2013 9:45:24 AM org.apache.solr.core.CoreContainer registerCore
INFO: registering core: test
Dec 2, 2013 9:45:24 AM org.apache.solr.core.CoreContainer registerCore
INFO: registering core: default
Dec 2, 2013 9:45:24 AM org.apache.solr.search.SolrIndexSearcher <init>
INFO: Opening Searcher@6fe22c75 main
Dec 2, 2013 9:45:24 AM org.apache.solr.update.CommitTracker <init>
INFO: Hard AutoCommit: if uncommited for 15000ms; 
Dec 2, 2013 9:45:24 AM org.apache.solr.update.CommitTracker <init>
INFO: Soft AutoCommit: if uncommited for 5000ms; 
Dec 2, 2013 9:45:24 AM org.apache.solr.handler.component.SpellCheckComponent inform
INFO: Initializing spell checkers
Dec 2, 2013 9:45:24 AM org.apache.solr.spelling.DirectSolrSpellChecker init
INFO: init: {name=default,field=name,classname=solr.DirectSolrSpellChecker,distanceMeasure=internal,accuracy=0.5,maxEdits=2,minPrefix=1,maxInspections=5,minQueryLength=4,maxQueryFrequency=0.01}
Dec 2, 2013 9:45:24 AM org.apache.solr.handler.component.SpellCheckComponent inform
INFO: No queryConverter defined, using default converter
Dec 2, 2013 9:45:24 AM org.apache.solr.handler.ReplicationHandler inform
INFO: Commits will be reserved for  10000
Dec 2, 2013 9:45:24 AM org.apache.solr.core.SolrCore registerSearcher
INFO: [development] Registered new searcher Searcher@6fe22c75 main{StandardDirectoryReader(segments_d:127 _16(4.2):C600/24 _17(4.2):c8 _18(4.2):c16)}
Dec 2, 2013 9:45:24 AM org.apache.solr.core.CoreContainer registerCore
INFO: registering core: development
Dec 2, 2013 9:45:24 AM org.apache.solr.servlet.SolrDispatchFilter init
INFO: user.dir=/Users/Emily/.rvm/gems/ruby-2.0.0-p247/gems/sunspot_solr-2.1.0/solr
Dec 2, 2013 9:45:24 AM org.apache.solr.servlet.SolrDispatchFilter init
INFO: SolrDispatchFilter.init() done
Dec 2, 2013 9:45:29 AM org.apache.solr.core.SolrCore execute
INFO: [development] webapp=/solr path=/select params={start=0&q=*:*&wt=ruby&fq=type:Disease&rows=30} hits=600 status=0 QTime=364 
Dec 2, 2013 9:46:09 AM org.apache.solr.core.SolrCore execute
INFO: [development] webapp=/solr path=/select params={start=0&q=*:*&wt=ruby&fq=type:Disease&rows=30} hits=600 status=0 QTime=0 
Dec 2, 2013 9:46:16 AM org.apache.solr.core.SolrCore execute
INFO: [development] webapp=/solr path=/select params={mm=1&qf=page_content_texts&hl.simple.pre=@@@hl@@@&hl.fl=page_content_texts&wt=ruby&hl=on&defType=edismax&rows=30&fl=*+score&start=0&q=headache&hl.simple.post=@@@endhl@@@&fq=type:Disease} hits=25 status=0 QTime=846 
Dec 2, 2013 9:46:32 AM org.apache.solr.core.SolrCore execute
INFO: [development] webapp=/solr path=/select params={mm=1&qf=page_content_texts&hl.simple.pre=@@@hl@@@&hl.fl=page_content_texts&wt=ruby&hl=on&defType=edismax&rows=30&fl=*+score&start=0&q=headache&hl.simple.post=@@@endhl@@@&fq=type:Disease} hits=25 status=0 QTime=68 
Dec 2, 2013 9:47:57 AM org.apache.solr.core.SolrCore execute
INFO: [development] webapp=/solr path=/select params={mm=1&qf=page_content_texts&hl.simple.pre=@@@hl@@@&hl.fl=page_content_texts&wt=ruby&hl=on&defType=edismax&rows=30&fl=*+score&start=0&q=headache,+tongue&hl.simple.post=@@@endhl@@@&fq=type:Disease} hits=43 status=0 QTime=89 
Dec 2, 2013 9:48:18 AM org.apache.solr.core.SolrCore execute
INFO: [development] webapp=/solr path=/select params={mm=1&qf=page_content_texts&hl.simple.pre=@@@hl@@@&hl.fl=page_content_texts&wt=ruby&hl=on&defType=edismax&rows=30&fl=*+score&start=0&q=headache,+abdominal+pain&hl.simple.post=@@@endhl@@@&fq=type:Disease} hits=123 status=0 QTime=135 
Dec 2, 2013 9:49:03 AM org.apache.solr.core.SolrCore execute
INFO: [development] webapp=/solr path=/select params={mm=1&qf=page_content_texts&hl.simple.pre=@@@hl@@@&hl.fl=page_content_texts&wt=ruby&hl=on&defType=edismax&rows=30&fl=*+score&start=0&q=salt&hl.simple.post=@@@endhl@@@&fq=type:Disease} hits=17 status=0 QTime=84 
Dec 2, 2013 9:49:41 AM org.apache.solr.core.SolrCore execute
INFO: [development] webapp=/solr path=/select params={mm=1&qf=page_content_texts&hl.simple.pre=@@@hl@@@&hl.fl=page_content_texts&wt=ruby&hl=on&defType=edismax&rows=30&fl=*+score&start=0&q=distended+stomach&hl.simple.post=@@@endhl@@@&fq=type:Disease} hits=22 status=0 QTime=81 
Dec 2, 2013 9:53:47 AM org.apache.solr.core.SolrCore execute
INFO: [development] webapp=/solr path=/select params={mm=1&qf=page_content_texts&hl.simple.pre=@@@hl@@@&hl.fl=page_content_texts&wt=ruby&hl=on&defType=edismax&rows=30&fl=*+score&start=0&q=cough+sneezing&hl.simple.post=@@@endhl@@@&fq=type:Disease} hits=16 status=0 QTime=117 
Dec 2, 2013 9:53:51 AM org.apache.solr.core.SolrCore execute
INFO: [development] webapp=/solr path=/select params={mm=1&qf=page_content_texts&hl.simple.pre=@@@hl@@@&hl.fl=page_content_texts&wt=ruby&hl=on&defType=edismax&rows=30&fl=*+score&start=0&q=cough+sneezing+whooping+cough&hl.simple.post=@@@endhl@@@&fq=type:Disease} hits=16 status=0 QTime=81 
Dec 2, 2013 9:54:27 AM org.apache.solr.core.SolrCore execute
INFO: [development] webapp=/solr path=/select params={mm=1&qf=page_content_texts&hl.simple.pre=@@@hl@@@&hl.fl=page_content_texts&wt=ruby&hl=on&defType=edismax&rows=30&fl=*+score&start=0&q=swelling&hl.simple.post=@@@endhl@@@&fq=type:Disease} hits=29 status=0 QTime=127 
Dec 2, 2013 9:54:36 AM org.apache.solr.core.SolrCore execute
INFO: [development] webapp=/solr path=/select params={mm=1&qf=page_content_texts&hl.simple.pre=@@@hl@@@&hl.fl=page_content_texts&wt=ruby&hl=on&defType=edismax&rows=30&fl=*+score&start=0&q=swelling+of+the+ears&hl.simple.post=@@@endhl@@@&fq=type:Disease} hits=593 status=0 QTime=81 
Dec 2, 2013 9:55:03 AM org.apache.solr.core.SolrCore execute
INFO: [development] webapp=/solr path=/select params={mm=1&qf=page_content_texts&hl.simple.pre=@@@hl@@@&hl.fl=page_content_texts&wt=ruby&hl=on&defType=edismax&rows=30&fl=*+score&start=0&q=hallucination&hl.simple.post=@@@endhl@@@&fq=type:Disease} hits=7 status=0 QTime=49 
Dec 2, 2013 9:55:23 AM org.apache.solr.core.SolrCore execute
INFO: [development] webapp=/solr path=/select params={mm=1&qf=page_content_texts&hl.simple.pre=@@@hl@@@&hl.fl=page_content_texts&wt=ruby&hl=on&defType=edismax&rows=30&fl=*+score&start=0&q=hallucination+the&hl.simple.post=@@@endhl@@@&fq=type:Disease} hits=583 status=0 QTime=94 
Dec 2, 2013 9:55:37 AM org.apache.solr.core.SolrCore execute
INFO: [development] webapp=/solr path=/select params={mm=1&qf=page_content_texts&hl.simple.pre=@@@hl@@@&hl.fl=page_content_texts&wt=ruby&hl=on&defType=edismax&rows=30&fl=*+score&start=0&q=hallucination&hl.simple.post=@@@endhl@@@&fq=type:Disease} hits=7 status=0 QTime=32 
Dec 2, 2013 9:55:40 AM org.apache.solr.core.SolrCore execute
INFO: [development] webapp=/solr path=/select params={mm=1&qf=page_content_texts&hl.simple.pre=@@@hl@@@&hl.fl=page_content_texts&wt=ruby&hl=on&defType=edismax&rows=30&fl=*+score&start=0&q=hallucination+the&hl.simple.post=@@@endhl@@@&fq=type:Disease} hits=583 status=0 QTime=79 
Dec 2, 2013 9:56:31 AM org.apache.solr.core.SolrCore execute
INFO: [development] webapp=/solr path=/select params={mm=1&qf=page_content_texts&hl.simple.pre=@@@hl@@@&hl.fl=page_content_texts&wt=ruby&hl=on&defType=edismax&rows=30&fl=*+score&start=0&q=blurred+vision&hl.simple.post=@@@endhl@@@&fq=type:Disease} hits=43 status=0 QTime=92 
Dec 2, 2013 10:00:47 AM org.apache.solr.core.SolrCore execute
INFO: [development] webapp=/solr path=/select params={mm=1&qf=page_content_texts&hl.simple.pre=@@@hl@@@&hl.fl=page_content_texts&wt=ruby&hl=on&defType=edismax&rows=30&fl=*+score&start=0&q=hallucination&hl.simple.post=@@@endhl@@@&fq=type:Disease} hits=7 status=0 QTime=22 
Dec 2, 2013 10:26:35 AM org.apache.solr.core.SolrCore execute
INFO: [development] webapp=/solr path=/select params={mm=1&qf=page_content_texts&hl.simple.pre=@@@hl@@@&hl.fl=page_content_texts&wt=ruby&hl=on&defType=edismax&rows=30&fl=*+score&start=0&q=hallucinations&hl.simple.post=@@@endhl@@@&fq=type:Disease} hits=7 status=0 QTime=27 
Dec 2, 2013 10:26:38 AM org.apache.solr.core.SolrCore execute
INFO: [development] webapp=/solr path=/select params={mm=1&qf=page_content_texts&hl.simple.pre=@@@hl@@@&hl.fl=page_content_texts&wt=ruby&hl=on&defType=edismax&rows=30&fl=*+score&start=0&q=hallucinations&hl.simple.post=@@@endhl@@@&fq=type:Disease} hits=7 status=0 QTime=40 
Dec 2, 2013 10:26:41 AM org.apache.solr.core.SolrCore execute
INFO: [development] webapp=/solr path=/select params={mm=1&qf=page_content_texts&hl.simple.pre=@@@hl@@@&hl.fl=page_content_texts&wt=ruby&hl=on&defType=edismax&rows=30&fl=*+score&start=0&q=hallucinations+sleepiness&hl.simple.post=@@@endhl@@@&fq=type:Disease} hits=8 status=0 QTime=41 
